main.py --train --cond --batch_method translation --seed 10 --attn

Building data from ./data...
      batch_size: 20
batch_size_valid: 60
    batch_method: translation      (no sorting by target lengths)
          device: cpu
  is_conditional: True

15 batches
5 batches

vocab_size: 1282

train.txt
              # words: 6681
               # seqs: 300
  avg/max/min lengths: 22/72/3

src-train.txt
              # words: 6081
               # seqs: 300
  avg/max/min lengths: 20/70/1

Seq2Seq
      # parameters: 522682
        vocab_size: 1282
               dim: 100
          # layers: 2
    is_conditional: 1
     bidirectional: 0
        use_bridge: 0
     use_attention: 1

Control
            lr: 20.00
          bptt: 35

| epoch   1 |    20/   29 batches | lr 20.00 | ms/batch 104.24 | loss  7.30 | ppl  1478.38
-----------------------------------------------------------------------------------------
| end of epoch   1 | time:  3.77s | valid loss  6.31 | valid ppl   550.47 | valid sqxent   134.23
-----------------------------------------------------------------------------------------
| epoch   2 |    20/   29 batches | lr 20.00 | ms/batch 103.74 | loss  5.93 | ppl   377.59
-----------------------------------------------------------------------------------------
| end of epoch   2 | time:  3.75s | valid loss  5.73 | valid ppl   306.71 | valid sqxent   121.79
-----------------------------------------------------------------------------------------
| epoch   3 |    20/   29 batches | lr 20.00 | ms/batch 105.16 | loss  5.19 | ppl   180.34
-----------------------------------------------------------------------------------------
| end of epoch   3 | time:  3.83s | valid loss  5.54 | valid ppl   253.73 | valid sqxent   117.76
-----------------------------------------------------------------------------------------
| epoch   4 |    20/   29 batches | lr 20.00 | ms/batch 105.24 | loss  4.74 | ppl   114.60
-----------------------------------------------------------------------------------------
| end of epoch   4 | time:  3.76s | valid loss  5.52 | valid ppl   248.78 | valid sqxent   117.34
-----------------------------------------------------------------------------------------
| epoch   5 |    20/   29 batches | lr 20.00 | ms/batch 107.88 | loss  4.90 | ppl   134.19
-----------------------------------------------------------------------------------------
| end of epoch   5 | time:  3.85s | valid loss  5.46 | valid ppl   235.94 | valid sqxent   116.21
-----------------------------------------------------------------------------------------
| epoch   6 |    20/   29 batches | lr 20.00 | ms/batch 108.70 | loss  4.46 | ppl    86.61
-----------------------------------------------------------------------------------------
| end of epoch   6 | time:  3.89s | valid loss  5.46 | valid ppl   234.83 | valid sqxent   116.11
-----------------------------------------------------------------------------------------
| epoch   7 |    20/   29 batches | lr 20.00 | ms/batch 104.29 | loss  4.33 | ppl    76.06
-----------------------------------------------------------------------------------------
| end of epoch   7 | time:  3.79s | valid loss  5.36 | valid ppl   211.82 | valid sqxent   113.92
-----------------------------------------------------------------------------------------
| epoch   8 |    20/   29 batches | lr 20.00 | ms/batch 99.07 | loss  4.24 | ppl    69.09
-----------------------------------------------------------------------------------------
| end of epoch   8 | time:  3.69s | valid loss  5.27 | valid ppl   195.04 | valid sqxent   112.16
-----------------------------------------------------------------------------------------
| epoch   9 |    20/   29 batches | lr 20.00 | ms/batch 102.36 | loss  4.10 | ppl    60.64
-----------------------------------------------------------------------------------------
| end of epoch   9 | time:  3.76s | valid loss  5.29 | valid ppl   199.08 | valid sqxent   112.60
-----------------------------------------------------------------------------------------
| epoch  10 |    20/   29 batches | lr 5.00 | ms/batch 104.44 | loss  3.86 | ppl    47.68
-----------------------------------------------------------------------------------------
| end of epoch  10 | time:  3.76s | valid loss  5.07 | valid ppl   158.54 | valid sqxent   107.75
-----------------------------------------------------------------------------------------
=========================================================================================
| End of training | final loss  5.07 | final ppl   158.54 | final sqxent   107.75
=========================================================================================
00:00:39
