main.py --train --cond --batch_method translation --seed 9000 --attn

Building data from ./data...
      batch_size: 20
batch_size_valid: 60
    batch_method: translation      (no sorting by target lengths)
          device: cpu
  is_conditional: True

15 batches
5 batches

vocab_size: 1282

train.txt
              # words: 6681
               # seqs: 300
  avg/max/min lengths: 22/72/3

src-train.txt
              # words: 6081
               # seqs: 300
  avg/max/min lengths: 20/70/1

Seq2Seq
      # parameters: 522682
        vocab_size: 1282
               dim: 100
          # layers: 2
    is_conditional: 1
     bidirectional: 0
        use_bridge: 0
     use_attention: 1

Control
            lr: 20.00
          bptt: 35

| epoch   1 |    20/   29 batches | lr 20.00 | ms/batch 106.31 | loss  7.54 | ppl  1890.70
-----------------------------------------------------------------------------------------
| end of epoch   1 | time:  3.82s | valid loss  5.96 | valid ppl   385.72 | valid sqxent   126.67
-----------------------------------------------------------------------------------------
| epoch   2 |    20/   29 batches | lr 20.00 | ms/batch 106.02 | loss  6.19 | ppl   486.29
-----------------------------------------------------------------------------------------
| end of epoch   2 | time:  3.80s | valid loss  5.62 | valid ppl   276.20 | valid sqxent   119.56
-----------------------------------------------------------------------------------------
| epoch   3 |    20/   29 batches | lr 20.00 | ms/batch 107.35 | loss  5.35 | ppl   209.84
-----------------------------------------------------------------------------------------
| end of epoch   3 | time:  3.89s | valid loss  5.55 | valid ppl   257.90 | valid sqxent   118.10
-----------------------------------------------------------------------------------------
| epoch   4 |    20/   29 batches | lr 20.00 | ms/batch 105.34 | loss  4.97 | ppl   144.47
-----------------------------------------------------------------------------------------
| end of epoch   4 | time:  3.84s | valid loss  5.51 | valid ppl   248.10 | valid sqxent   117.28
-----------------------------------------------------------------------------------------
| epoch   5 |    20/   29 batches | lr 20.00 | ms/batch 103.88 | loss  4.86 | ppl   129.26
-----------------------------------------------------------------------------------------
| end of epoch   5 | time:  3.74s | valid loss  5.47 | valid ppl   237.18 | valid sqxent   116.32
-----------------------------------------------------------------------------------------
| epoch   6 |    20/   29 batches | lr 20.00 | ms/batch 103.34 | loss  4.65 | ppl   104.97
-----------------------------------------------------------------------------------------
| end of epoch   6 | time:  3.74s | valid loss  5.50 | valid ppl   245.33 | valid sqxent   117.04
-----------------------------------------------------------------------------------------
| epoch   7 |    20/   29 batches | lr 5.00 | ms/batch 112.25 | loss  4.54 | ppl    93.83
-----------------------------------------------------------------------------------------
| end of epoch   7 | time:  4.00s | valid loss  5.43 | valid ppl   227.70 | valid sqxent   115.45
-----------------------------------------------------------------------------------------
| epoch   8 |    20/   29 batches | lr 5.00 | ms/batch 109.33 | loss  4.23 | ppl    69.04
-----------------------------------------------------------------------------------------
| end of epoch   8 | time:  3.89s | valid loss  5.40 | valid ppl   222.18 | valid sqxent   114.93
-----------------------------------------------------------------------------------------
| epoch   9 |    20/   29 batches | lr 5.00 | ms/batch 108.12 | loss  4.14 | ppl    62.92
-----------------------------------------------------------------------------------------
| end of epoch   9 | time:  3.85s | valid loss  5.36 | valid ppl   213.09 | valid sqxent   114.04
-----------------------------------------------------------------------------------------
| epoch  10 |    20/   29 batches | lr 5.00 | ms/batch 100.47 | loss  4.11 | ppl    61.10
-----------------------------------------------------------------------------------------
| end of epoch  10 | time:  3.68s | valid loss  5.31 | valid ppl   202.45 | valid sqxent   112.95
-----------------------------------------------------------------------------------------
=========================================================================================
| End of training | final loss  5.31 | final ppl   202.45 | final sqxent   112.95
=========================================================================================
00:00:39
