main.py --train --cond --batch_method translation --attn --seed 0

Building data from ./data...
      batch_size: 20
batch_size_valid: 60
    batch_method: translation      (no sorting by target lengths)
          device: cpu
  is_conditional: True

15 batches
5 batches

vocab_size: 1282

train.txt
              # words: 6681
               # seqs: 300
  avg/max/min lengths: 22/72/3

src-train.txt
              # words: 6081
               # seqs: 300
  avg/max/min lengths: 20/70/1

Seq2Seq
      # parameters: 522682
        vocab_size: 1282
               dim: 100
          # layers: 2
    is_conditional: 1
     bidirectional: 0
        use_bridge: 0
     use_attention: 1

Control
            lr: 20.00
          bptt: 35

| epoch   1 |    20/   29 batches | lr 20.00 | ms/batch 113.63 | loss  7.49 | ppl  1794.36
-----------------------------------------------------------------------------------------
| end of epoch   1 | time:  3.79s | valid loss  6.39 | valid ppl   598.18 | valid sqxent   136.00
-----------------------------------------------------------------------------------------
| epoch   2 |    20/   29 batches | lr 20.00 | ms/batch 111.46 | loss  6.13 | ppl   459.01
-----------------------------------------------------------------------------------------
| end of epoch   2 | time:  3.73s | valid loss  5.92 | valid ppl   374.01 | valid sqxent   126.01
-----------------------------------------------------------------------------------------
| epoch   3 |    20/   29 batches | lr 20.00 | ms/batch 108.47 | loss  5.33 | ppl   207.18
-----------------------------------------------------------------------------------------
| end of epoch   3 | time:  3.69s | valid loss  5.50 | valid ppl   243.69 | valid sqxent   116.90
-----------------------------------------------------------------------------------------
| epoch   4 |    20/   29 batches | lr 20.00 | ms/batch 108.37 | loss  4.78 | ppl   118.74
-----------------------------------------------------------------------------------------
| end of epoch   4 | time:  3.66s | valid loss  5.44 | valid ppl   231.35 | valid sqxent   115.79
-----------------------------------------------------------------------------------------
| epoch   5 |    20/   29 batches | lr 20.00 | ms/batch 109.27 | loss  4.68 | ppl   108.23
-----------------------------------------------------------------------------------------
| end of epoch   5 | time:  3.64s | valid loss  5.45 | valid ppl   232.78 | valid sqxent   115.92
-----------------------------------------------------------------------------------------
| epoch   6 |    20/   29 batches | lr 5.00 | ms/batch 111.06 | loss  4.19 | ppl    65.93
-----------------------------------------------------------------------------------------
| end of epoch   6 | time:  3.70s | valid loss  5.25 | valid ppl   190.67 | valid sqxent   111.68
-----------------------------------------------------------------------------------------
| epoch   7 |    20/   29 batches | lr 5.00 | ms/batch 110.62 | loss  4.07 | ppl    58.48
-----------------------------------------------------------------------------------------
| end of epoch   7 | time:  3.72s | valid loss  5.15 | valid ppl   173.17 | valid sqxent   109.63
-----------------------------------------------------------------------------------------
| epoch   8 |    20/   29 batches | lr 5.00 | ms/batch 114.08 | loss  3.94 | ppl    51.56
-----------------------------------------------------------------------------------------
| end of epoch   8 | time:  3.83s | valid loss  5.12 | valid ppl   166.86 | valid sqxent   108.84
-----------------------------------------------------------------------------------------
| epoch   9 |    20/   29 batches | lr 5.00 | ms/batch 111.66 | loss  3.87 | ppl    48.06
-----------------------------------------------------------------------------------------
| end of epoch   9 | time:  3.78s | valid loss  5.07 | valid ppl   159.08 | valid sqxent   107.83
-----------------------------------------------------------------------------------------
| epoch  10 |    20/   29 batches | lr 5.00 | ms/batch 109.68 | loss  3.82 | ppl    45.46
-----------------------------------------------------------------------------------------
| end of epoch  10 | time:  3.67s | valid loss  4.98 | valid ppl   145.59 | valid sqxent   105.94
-----------------------------------------------------------------------------------------
=========================================================================================
| End of training | final loss  4.98 | final ppl   145.59 | final sqxent   105.94
=========================================================================================
00:00:38
