main.py --train --cond --batch_method translation --seed 9090 --attn

Building data from ./data...
      batch_size: 20
batch_size_valid: 60
    batch_method: translation      (no sorting by target lengths)
          device: cpu
  is_conditional: True

15 batches
5 batches

vocab_size: 1282

train.txt
              # words: 6681
               # seqs: 300
  avg/max/min lengths: 22/72/3

src-train.txt
              # words: 6081
               # seqs: 300
  avg/max/min lengths: 20/70/1

Seq2Seq
      # parameters: 522682
        vocab_size: 1282
               dim: 100
          # layers: 2
    is_conditional: 1
     bidirectional: 0
        use_bridge: 0
     use_attention: 1

Control
            lr: 20.00
          bptt: 35

| epoch   1 |    20/   29 batches | lr 20.00 | ms/batch 105.42 | loss  7.10 | ppl  1208.13
-----------------------------------------------------------------------------------------
| end of epoch   1 | time:  3.78s | valid loss  6.04 | valid ppl   418.28 | valid sqxent   128.39
-----------------------------------------------------------------------------------------
| epoch   2 |    20/   29 batches | lr 20.00 | ms/batch 102.04 | loss  5.81 | ppl   334.63
-----------------------------------------------------------------------------------------
| end of epoch   2 | time:  3.71s | valid loss  5.65 | valid ppl   284.16 | valid sqxent   120.17
-----------------------------------------------------------------------------------------
| epoch   3 |    20/   29 batches | lr 20.00 | ms/batch 99.16 | loss  4.88 | ppl   132.00
-----------------------------------------------------------------------------------------
| end of epoch   3 | time:  3.68s | valid loss  5.48 | valid ppl   241.02 | valid sqxent   116.66
-----------------------------------------------------------------------------------------
| epoch   4 |    20/   29 batches | lr 20.00 | ms/batch 102.50 | loss  4.69 | ppl   108.88
-----------------------------------------------------------------------------------------
| end of epoch   4 | time:  3.70s | valid loss  5.51 | valid ppl   246.78 | valid sqxent   117.17
-----------------------------------------------------------------------------------------
| epoch   5 |    20/   29 batches | lr 5.00 | ms/batch 103.44 | loss  4.26 | ppl    70.66
-----------------------------------------------------------------------------------------
| end of epoch   5 | time:  3.78s | valid loss  5.35 | valid ppl   210.99 | valid sqxent   113.83
-----------------------------------------------------------------------------------------
| epoch   6 |    20/   29 batches | lr 5.00 | ms/batch 102.77 | loss  4.15 | ppl    63.62
-----------------------------------------------------------------------------------------
| end of epoch   6 | time:  3.75s | valid loss  5.32 | valid ppl   203.45 | valid sqxent   113.06
-----------------------------------------------------------------------------------------
| epoch   7 |    20/   29 batches | lr 5.00 | ms/batch 100.81 | loss  4.10 | ppl    60.20
-----------------------------------------------------------------------------------------
| end of epoch   7 | time:  3.70s | valid loss  5.28 | valid ppl   195.74 | valid sqxent   112.24
-----------------------------------------------------------------------------------------
| epoch   8 |    20/   29 batches | lr 5.00 | ms/batch 104.25 | loss  4.05 | ppl    57.11
-----------------------------------------------------------------------------------------
| end of epoch   8 | time:  3.79s | valid loss  5.24 | valid ppl   187.92 | valid sqxent   111.37
-----------------------------------------------------------------------------------------
| epoch   9 |    20/   29 batches | lr 5.00 | ms/batch 102.40 | loss  3.99 | ppl    53.90
-----------------------------------------------------------------------------------------
| end of epoch   9 | time:  3.70s | valid loss  5.20 | valid ppl   181.58 | valid sqxent   110.64
-----------------------------------------------------------------------------------------
| epoch  10 |    20/   29 batches | lr 5.00 | ms/batch 104.09 | loss  3.92 | ppl    50.34
-----------------------------------------------------------------------------------------
| end of epoch  10 | time:  3.72s | valid loss  5.16 | valid ppl   174.15 | valid sqxent   109.75
-----------------------------------------------------------------------------------------
=========================================================================================
| End of training | final loss  5.16 | final ppl   174.15 | final sqxent   109.75
=========================================================================================
00:00:38
