main.py --train

Building data from ./data...
      batch_size: 20
batch_size_valid: 1
    batch_method: continuous   
          device: cpu
  is_conditional: False

train.txt: 319 x 20 (1 words trimmed)
valid.txt: 6381 x 1 (0 words trimmed)

vocab_size: 1282

train.txt
              # words: 6381
               # seqs: 300
  avg/max/min lengths: 21/71/2

Seq2Seq
      # parameters: 291082
        vocab_size: 1282
               dim: 100
          # layers: 2
    is_conditional: 0
     bidirectional: 0
        use_bridge: 0
     use_attention: 0

Control
            lr: 20.00
          bptt: 35

-----------------------------------------------------------------------------------------
| end of epoch   1 | time:  1.41s | valid loss  5.98 | valid ppl   396.38 | valid sqxent    -1.00
-----------------------------------------------------------------------------------------
-----------------------------------------------------------------------------------------
| end of epoch   2 | time:  1.23s | valid loss  5.86 | valid ppl   351.26 | valid sqxent    -1.00
-----------------------------------------------------------------------------------------
-----------------------------------------------------------------------------------------
| end of epoch   3 | time:  1.16s | valid loss  5.85 | valid ppl   348.12 | valid sqxent    -1.00
-----------------------------------------------------------------------------------------
-----------------------------------------------------------------------------------------
| end of epoch   4 | time:  1.16s | valid loss  5.96 | valid ppl   387.55 | valid sqxent    -1.00
-----------------------------------------------------------------------------------------
-----------------------------------------------------------------------------------------
| end of epoch   5 | time:  1.08s | valid loss  5.33 | valid ppl   205.75 | valid sqxent    -1.00
-----------------------------------------------------------------------------------------
-----------------------------------------------------------------------------------------
| end of epoch   6 | time:  1.15s | valid loss  5.29 | valid ppl   199.13 | valid sqxent    -1.00
-----------------------------------------------------------------------------------------
-----------------------------------------------------------------------------------------
| end of epoch   7 | time:  1.20s | valid loss  5.28 | valid ppl   195.55 | valid sqxent    -1.00
-----------------------------------------------------------------------------------------
-----------------------------------------------------------------------------------------
| end of epoch   8 | time:  1.16s | valid loss  5.26 | valid ppl   191.89 | valid sqxent    -1.00
-----------------------------------------------------------------------------------------
-----------------------------------------------------------------------------------------
| end of epoch   9 | time:  1.22s | valid loss  5.23 | valid ppl   186.33 | valid sqxent    -1.00
-----------------------------------------------------------------------------------------
-----------------------------------------------------------------------------------------
| end of epoch  10 | time:  1.17s | valid loss  5.19 | valid ppl   179.29 | valid sqxent    -1.00
-----------------------------------------------------------------------------------------
=========================================================================================
| End of training | final loss  5.19 | final ppl   179.29 | final sqxent    -1.00
=========================================================================================
00:00:12
