main.py --train --cond --batch_method translation --seed 0

Building data from ./data...
      batch_size: 20
batch_size_valid: 60
    batch_method: translation      (no sorting by target lengths)
          device: cpu
  is_conditional: True

15 batches
5 batches

vocab_size: 1282

train.txt
              # words: 6681
               # seqs: 300
  avg/max/min lengths: 22/72/3

src-train.txt
              # words: 6081
               # seqs: 300
  avg/max/min lengths: 20/70/1

Seq2Seq
      # parameters: 452682
        vocab_size: 1282
               dim: 100
          # layers: 2
    is_conditional: 1
     bidirectional: 0
        use_bridge: 0
     use_attention: 0

Control
            lr: 20.00
          bptt: 35

| epoch   1 |    20/   29 batches | lr 20.00 | ms/batch 65.05 | loss  6.19 | ppl   487.50
-----------------------------------------------------------------------------------------
| end of epoch   1 | time:  2.23s | valid loss  5.71 | valid ppl   303.25 | valid sqxent   121.55
-----------------------------------------------------------------------------------------
| epoch   2 |    20/   29 batches | lr 20.00 | ms/batch 60.08 | loss  4.96 | ppl   143.29
-----------------------------------------------------------------------------------------
| end of epoch   2 | time:  2.07s | valid loss  5.54 | valid ppl   255.24 | valid sqxent   117.88
-----------------------------------------------------------------------------------------
| epoch   3 |    20/   29 batches | lr 20.00 | ms/batch 59.06 | loss  4.64 | ppl   103.95
-----------------------------------------------------------------------------------------
| end of epoch   3 | time:  2.03s | valid loss  5.55 | valid ppl   257.48 | valid sqxent   118.07
-----------------------------------------------------------------------------------------
| epoch   4 |    20/   29 batches | lr 5.00 | ms/batch 58.67 | loss  4.29 | ppl    72.85
-----------------------------------------------------------------------------------------
| end of epoch   4 | time:  2.06s | valid loss  5.27 | valid ppl   194.86 | valid sqxent   112.14
-----------------------------------------------------------------------------------------
| epoch   5 |    20/   29 batches | lr 5.00 | ms/batch 62.31 | loss  4.16 | ppl    64.32
-----------------------------------------------------------------------------------------
| end of epoch   5 | time:  2.18s | valid loss  5.23 | valid ppl   186.34 | valid sqxent   111.19
-----------------------------------------------------------------------------------------
| epoch   6 |    20/   29 batches | lr 5.00 | ms/batch 58.53 | loss  4.07 | ppl    58.53
-----------------------------------------------------------------------------------------
| end of epoch   6 | time:  2.04s | valid loss  5.20 | valid ppl   180.57 | valid sqxent   110.52
-----------------------------------------------------------------------------------------
| epoch   7 |    20/   29 batches | lr 5.00 | ms/batch 58.39 | loss  4.04 | ppl    56.69
-----------------------------------------------------------------------------------------
| end of epoch   7 | time:  2.04s | valid loss  5.15 | valid ppl   172.51 | valid sqxent   109.55
-----------------------------------------------------------------------------------------
| epoch   8 |    20/   29 batches | lr 5.00 | ms/batch 59.09 | loss  3.98 | ppl    53.51
-----------------------------------------------------------------------------------------
| end of epoch   8 | time:  2.05s | valid loss  5.08 | valid ppl   160.71 | valid sqxent   108.04
-----------------------------------------------------------------------------------------
| epoch   9 |    20/   29 batches | lr 5.00 | ms/batch 58.05 | loss  3.88 | ppl    48.38
-----------------------------------------------------------------------------------------
| end of epoch   9 | time:  2.03s | valid loss  5.02 | valid ppl   151.62 | valid sqxent   106.80
-----------------------------------------------------------------------------------------
| epoch  10 |    20/   29 batches | lr 5.00 | ms/batch 58.35 | loss  3.88 | ppl    48.35
-----------------------------------------------------------------------------------------
| end of epoch  10 | time:  2.04s | valid loss  4.93 | valid ppl   138.62 | valid sqxent   104.90
-----------------------------------------------------------------------------------------
=========================================================================================
| End of training | final loss  4.93 | final ppl   138.62 | final sqxent   104.90
=========================================================================================
00:00:21
