main.py --train --cond --batch_method translation --attn --epochs 1000

Building data from ./data...
      batch_size: 20
batch_size_valid: 60
    batch_method: translation      (no sorting by target lengths)
          device: cpu
  is_conditional: True

15 batches
5 batches

vocab_size: 1282

train.txt
              # words: 6681
               # seqs: 300
  avg/max/min lengths: 22/72/3

src-train.txt
              # words: 6081
               # seqs: 300
  avg/max/min lengths: 20/70/1

Seq2Seq
      # parameters: 522682
        vocab_size: 1282
               dim: 100
          # layers: 2
    is_conditional: 1
     bidirectional: 0
        use_bridge: 0
     use_attention: 1

Control
            lr: 20.00
          bptt: 35

| epoch   1 |    20/   29 batches | lr 20.00 | ms/batch 99.44 | loss  7.52 | ppl  1839.65
-----------------------------------------------------------------------------------------
| end of epoch   1 | time:  3.64s | valid loss  5.93 | valid ppl   375.58 | valid sqxent   126.10
-----------------------------------------------------------------------------------------
| epoch   2 |    20/   29 batches | lr 20.00 | ms/batch 101.97 | loss  5.90 | ppl   365.71
-----------------------------------------------------------------------------------------
| end of epoch   2 | time:  3.71s | valid loss  5.59 | valid ppl   267.66 | valid sqxent   118.89
-----------------------------------------------------------------------------------------
| epoch   3 |    20/   29 batches | lr 20.00 | ms/batch 106.59 | loss  5.20 | ppl   181.90
-----------------------------------------------------------------------------------------
| end of epoch   3 | time:  3.87s | valid loss  5.46 | valid ppl   235.79 | valid sqxent   116.20
-----------------------------------------------------------------------------------------
| epoch   4 |    20/   29 batches | lr 20.00 | ms/batch 100.09 | loss  4.77 | ppl   117.51
-----------------------------------------------------------------------------------------
| end of epoch   4 | time:  3.63s | valid loss  5.45 | valid ppl   233.82 | valid sqxent   116.02
-----------------------------------------------------------------------------------------
| epoch   5 |    20/   29 batches | lr 20.00 | ms/batch 98.66 | loss  4.53 | ppl    93.15
-----------------------------------------------------------------------------------------
| end of epoch   5 | time:  3.62s | valid loss  5.39 | valid ppl   219.60 | valid sqxent   114.68
-----------------------------------------------------------------------------------------
| epoch   6 |    20/   29 batches | lr 20.00 | ms/batch 104.59 | loss  4.40 | ppl    81.59
-----------------------------------------------------------------------------------------
| end of epoch   6 | time:  3.82s | valid loss  5.37 | valid ppl   215.85 | valid sqxent   114.32
-----------------------------------------------------------------------------------------
| epoch   7 |    20/   29 batches | lr 20.00 | ms/batch 102.26 | loss  4.24 | ppl    69.41
-----------------------------------------------------------------------------------------
| end of epoch   7 | time:  3.70s | valid loss  5.36 | valid ppl   212.89 | valid sqxent   114.02
-----------------------------------------------------------------------------------------
| epoch   8 |    20/   29 batches | lr 20.00 | ms/batch 105.10 | loss  4.12 | ppl    61.44
-----------------------------------------------------------------------------------------
| end of epoch   8 | time:  3.84s | valid loss  5.19 | valid ppl   180.06 | valid sqxent   110.46
-----------------------------------------------------------------------------------------
| epoch   9 |    20/   29 batches | lr 20.00 | ms/batch 101.73 | loss  3.99 | ppl    54.10
-----------------------------------------------------------------------------------------
| end of epoch   9 | time:  3.71s | valid loss  5.12 | valid ppl   166.97 | valid sqxent   108.86
-----------------------------------------------------------------------------------------
| epoch  10 |    20/   29 batches | lr 20.00 | ms/batch 97.52 | loss  3.93 | ppl    51.09
-----------------------------------------------------------------------------------------
| end of epoch  10 | time:  3.59s | valid loss  5.11 | valid ppl   165.32 | valid sqxent   108.64
-----------------------------------------------------------------------------------------
| epoch  11 |    20/   29 batches | lr 20.00 | ms/batch 103.05 | loss  3.77 | ppl    43.58
-----------------------------------------------------------------------------------------
| end of epoch  11 | time:  3.74s | valid loss  5.00 | valid ppl   147.86 | valid sqxent   106.27
-----------------------------------------------------------------------------------------
| epoch  12 |    20/   29 batches | lr 20.00 | ms/batch 101.94 | loss  3.71 | ppl    40.78
-----------------------------------------------------------------------------------------
| end of epoch  12 | time:  3.68s | valid loss  4.95 | valid ppl   140.72 | valid sqxent   105.22
-----------------------------------------------------------------------------------------
| epoch  13 |    20/   29 batches | lr 20.00 | ms/batch 102.02 | loss  3.62 | ppl    37.51
-----------------------------------------------------------------------------------------
| end of epoch  13 | time:  3.75s | valid loss  4.89 | valid ppl   132.82 | valid sqxent   103.99
-----------------------------------------------------------------------------------------
| epoch  14 |    20/   29 batches | lr 20.00 | ms/batch 104.86 | loss  3.69 | ppl    40.20
-----------------------------------------------------------------------------------------
| end of epoch  14 | time:  3.75s | valid loss  4.91 | valid ppl   135.36 | valid sqxent   104.39
-----------------------------------------------------------------------------------------
| epoch  15 |    20/   29 batches | lr 5.00 | ms/batch 100.41 | loss  3.53 | ppl    34.00
-----------------------------------------------------------------------------------------
| end of epoch  15 | time:  3.71s | valid loss  4.66 | valid ppl   105.25 | valid sqxent    99.04
-----------------------------------------------------------------------------------------
| epoch  16 |    20/   29 batches | lr 5.00 | ms/batch 99.23 | loss  3.31 | ppl    27.44
-----------------------------------------------------------------------------------------
| end of epoch  16 | time:  3.63s | valid loss  4.61 | valid ppl   100.46 | valid sqxent    98.05
-----------------------------------------------------------------------------------------
| epoch  17 |    20/   29 batches | lr 5.00 | ms/batch 102.23 | loss  3.19 | ppl    24.26
-----------------------------------------------------------------------------------------
| end of epoch  17 | time:  3.73s | valid loss  4.56 | valid ppl    95.47 | valid sqxent    96.97
-----------------------------------------------------------------------------------------
| epoch  18 |    20/   29 batches | lr 5.00 | ms/batch 101.77 | loss  3.13 | ppl    22.81
-----------------------------------------------------------------------------------------
| end of epoch  18 | time:  3.68s | valid loss  4.52 | valid ppl    91.85 | valid sqxent    96.14
-----------------------------------------------------------------------------------------
| epoch  19 |    20/   29 batches | lr 5.00 | ms/batch 100.37 | loss  3.06 | ppl    21.42
-----------------------------------------------------------------------------------------
| end of epoch  19 | time:  3.68s | valid loss  4.48 | valid ppl    88.08 | valid sqxent    95.25
-----------------------------------------------------------------------------------------
| epoch  20 |    20/   29 batches | lr 5.00 | ms/batch 104.26 | loss  3.01 | ppl    20.32
-----------------------------------------------------------------------------------------
| end of epoch  20 | time:  3.75s | valid loss  4.44 | valid ppl    84.41 | valid sqxent    94.35
-----------------------------------------------------------------------------------------
| epoch  21 |    20/   29 batches | lr 5.00 | ms/batch 100.57 | loss  3.02 | ppl    20.45
-----------------------------------------------------------------------------------------
| end of epoch  21 | time:  3.66s | valid loss  4.40 | valid ppl    81.28 | valid sqxent    93.54
-----------------------------------------------------------------------------------------
| epoch  22 |    20/   29 batches | lr 5.00 | ms/batch 99.58 | loss  2.95 | ppl    19.05
-----------------------------------------------------------------------------------------
| end of epoch  22 | time:  3.68s | valid loss  4.37 | valid ppl    78.68 | valid sqxent    92.85
-----------------------------------------------------------------------------------------
| epoch  23 |    20/   29 batches | lr 5.00 | ms/batch 103.63 | loss  2.91 | ppl    18.32
-----------------------------------------------------------------------------------------
| end of epoch  23 | time:  3.75s | valid loss  4.32 | valid ppl    75.03 | valid sqxent    91.84
-----------------------------------------------------------------------------------------
| epoch  24 |    20/   29 batches | lr 5.00 | ms/batch 102.11 | loss  2.92 | ppl    18.53
-----------------------------------------------------------------------------------------
| end of epoch  24 | time:  3.74s | valid loss  4.29 | valid ppl    72.93 | valid sqxent    91.24
-----------------------------------------------------------------------------------------
| epoch  25 |    20/   29 batches | lr 5.00 | ms/batch 101.63 | loss  2.86 | ppl    17.53
-----------------------------------------------------------------------------------------
| end of epoch  25 | time:  3.74s | valid loss  4.26 | valid ppl    71.06 | valid sqxent    90.68
-----------------------------------------------------------------------------------------
| epoch  26 |    20/   29 batches | lr 5.00 | ms/batch 98.43 | loss  2.83 | ppl    16.98
-----------------------------------------------------------------------------------------
| end of epoch  26 | time:  3.71s | valid loss  4.23 | valid ppl    68.45 | valid sqxent    89.89
-----------------------------------------------------------------------------------------
| epoch  27 |    20/   29 batches | lr 5.00 | ms/batch 112.63 | loss  2.81 | ppl    16.68
-----------------------------------------------------------------------------------------
| end of epoch  27 | time:  4.07s | valid loss  4.18 | valid ppl    65.08 | valid sqxent    88.82
-----------------------------------------------------------------------------------------
| epoch  28 |    20/   29 batches | lr 5.00 | ms/batch 102.43 | loss  2.77 | ppl    15.96
-----------------------------------------------------------------------------------------
| end of epoch  28 | time:  3.73s | valid loss  4.15 | valid ppl    63.66 | valid sqxent    88.35
-----------------------------------------------------------------------------------------
| epoch  29 |    20/   29 batches | lr 5.00 | ms/batch 124.35 | loss  2.73 | ppl    15.30
-----------------------------------------------------------------------------------------
| end of epoch  29 | time:  4.29s | valid loss  4.15 | valid ppl    63.27 | valid sqxent    88.22
-----------------------------------------------------------------------------------------
| epoch  30 |    20/   29 batches | lr 5.00 | ms/batch 112.61 | loss  2.71 | ppl    15.05
-----------------------------------------------------------------------------------------
| end of epoch  30 | time:  4.19s | valid loss  4.09 | valid ppl    59.51 | valid sqxent    86.91
-----------------------------------------------------------------------------------------
| epoch  31 |    20/   29 batches | lr 5.00 | ms/batch 114.35 | loss  2.70 | ppl    14.92
-----------------------------------------------------------------------------------------
| end of epoch  31 | time:  4.14s | valid loss  4.07 | valid ppl    58.57 | valid sqxent    86.57
-----------------------------------------------------------------------------------------
| epoch  32 |    20/   29 batches | lr 5.00 | ms/batch 109.25 | loss  2.65 | ppl    14.17
-----------------------------------------------------------------------------------------
| end of epoch  32 | time:  4.04s | valid loss  4.03 | valid ppl    56.32 | valid sqxent    85.74
-----------------------------------------------------------------------------------------
| epoch  33 |    20/   29 batches | lr 5.00 | ms/batch 110.46 | loss  2.66 | ppl    14.27
-----------------------------------------------------------------------------------------
| end of epoch  33 | time:  3.98s | valid loss  3.99 | valid ppl    54.14 | valid sqxent    84.90
-----------------------------------------------------------------------------------------
| epoch  34 |    20/   29 batches | lr 5.00 | ms/batch 104.39 | loss  2.59 | ppl    13.37
-----------------------------------------------------------------------------------------
| end of epoch  34 | time:  3.81s | valid loss  3.96 | valid ppl    52.64 | valid sqxent    84.30
-----------------------------------------------------------------------------------------
| epoch  35 |    20/   29 batches | lr 5.00 | ms/batch 104.30 | loss  2.57 | ppl    13.09
-----------------------------------------------------------------------------------------
| end of epoch  35 | time:  4.14s | valid loss  3.94 | valid ppl    51.18 | valid sqxent    83.71
-----------------------------------------------------------------------------------------
| epoch  36 |    20/   29 batches | lr 5.00 | ms/batch 114.26 | loss  2.58 | ppl    13.25
-----------------------------------------------------------------------------------------
| end of epoch  36 | time:  3.99s | valid loss  3.90 | valid ppl    49.54 | valid sqxent    83.01
-----------------------------------------------------------------------------------------
| epoch  37 |    20/   29 batches | lr 5.00 | ms/batch 105.26 | loss  2.53 | ppl    12.58
-----------------------------------------------------------------------------------------
| end of epoch  37 | time:  3.77s | valid loss  3.88 | valid ppl    48.39 | valid sqxent    82.51
-----------------------------------------------------------------------------------------
| epoch  38 |    20/   29 batches | lr 5.00 | ms/batch 104.40 | loss  2.51 | ppl    12.36
-----------------------------------------------------------------------------------------
| end of epoch  38 | time:  3.76s | valid loss  3.85 | valid ppl    47.05 | valid sqxent    81.91
-----------------------------------------------------------------------------------------
| epoch  39 |    20/   29 batches | lr 5.00 | ms/batch 101.93 | loss  2.52 | ppl    12.48
-----------------------------------------------------------------------------------------
| end of epoch  39 | time:  3.74s | valid loss  3.82 | valid ppl    45.42 | valid sqxent    81.16
-----------------------------------------------------------------------------------------
| epoch  40 |    20/   29 batches | lr 5.00 | ms/batch 108.17 | loss  2.49 | ppl    12.08
-----------------------------------------------------------------------------------------
| end of epoch  40 | time:  3.84s | valid loss  3.79 | valid ppl    44.31 | valid sqxent    80.64
-----------------------------------------------------------------------------------------
| epoch  41 |    20/   29 batches | lr 5.00 | ms/batch 103.53 | loss  2.44 | ppl    11.42
-----------------------------------------------------------------------------------------
| end of epoch  41 | time:  3.67s | valid loss  3.77 | valid ppl    43.48 | valid sqxent    80.24
-----------------------------------------------------------------------------------------
| epoch  42 |    20/   29 batches | lr 5.00 | ms/batch 102.29 | loss  2.44 | ppl    11.42
-----------------------------------------------------------------------------------------
| end of epoch  42 | time:  3.82s | valid loss  3.75 | valid ppl    42.41 | valid sqxent    79.71
-----------------------------------------------------------------------------------------
| epoch  43 |    20/   29 batches | lr 5.00 | ms/batch 108.80 | loss  2.42 | ppl    11.22
-----------------------------------------------------------------------------------------
| end of epoch  43 | time:  4.05s | valid loss  3.71 | valid ppl    40.78 | valid sqxent    78.87
-----------------------------------------------------------------------------------------
| epoch  44 |    20/   29 batches | lr 5.00 | ms/batch 109.84 | loss  2.35 | ppl    10.49
-----------------------------------------------------------------------------------------
| end of epoch  44 | time:  3.98s | valid loss  3.67 | valid ppl    39.44 | valid sqxent    78.16
-----------------------------------------------------------------------------------------
| epoch  45 |    20/   29 batches | lr 5.00 | ms/batch 102.61 | loss  2.36 | ppl    10.54
-----------------------------------------------------------------------------------------
| end of epoch  45 | time:  3.75s | valid loss  3.66 | valid ppl    38.95 | valid sqxent    77.90
-----------------------------------------------------------------------------------------
| epoch  46 |    20/   29 batches | lr 5.00 | ms/batch 106.53 | loss  2.31 | ppl    10.05
-----------------------------------------------------------------------------------------
| end of epoch  46 | time:  3.83s | valid loss  3.64 | valid ppl    38.19 | valid sqxent    77.48
-----------------------------------------------------------------------------------------
| epoch  47 |    20/   29 batches | lr 5.00 | ms/batch 105.03 | loss  2.30 | ppl     9.98
-----------------------------------------------------------------------------------------
| end of epoch  47 | time:  3.81s | valid loss  3.59 | valid ppl    36.14 | valid sqxent    76.31
-----------------------------------------------------------------------------------------
| epoch  48 |    20/   29 batches | lr 5.00 | ms/batch 102.06 | loss  2.29 | ppl     9.88
-----------------------------------------------------------------------------------------
| end of epoch  48 | time:  3.73s | valid loss  3.56 | valid ppl    35.27 | valid sqxent    75.78
-----------------------------------------------------------------------------------------
| epoch  49 |    20/   29 batches | lr 5.00 | ms/batch 103.09 | loss  2.26 | ppl     9.62
-----------------------------------------------------------------------------------------
| end of epoch  49 | time:  3.75s | valid loss  3.53 | valid ppl    33.99 | valid sqxent    75.00
-----------------------------------------------------------------------------------------
| epoch  50 |    20/   29 batches | lr 5.00 | ms/batch 102.87 | loss  2.23 | ppl     9.33
-----------------------------------------------------------------------------------------
| end of epoch  50 | time:  3.71s | valid loss  3.53 | valid ppl    34.29 | valid sqxent    75.19
-----------------------------------------------------------------------------------------
| epoch  51 |    20/   29 batches | lr 1.25 | ms/batch 100.53 | loss  2.24 | ppl     9.38
-----------------------------------------------------------------------------------------
| end of epoch  51 | time:  3.72s | valid loss  3.42 | valid ppl    30.54 | valid sqxent    72.72
-----------------------------------------------------------------------------------------
| epoch  52 |    20/   29 batches | lr 1.25 | ms/batch 103.55 | loss  2.14 | ppl     8.52
-----------------------------------------------------------------------------------------
| end of epoch  52 | time:  3.77s | valid loss  3.38 | valid ppl    29.51 | valid sqxent    72.00
-----------------------------------------------------------------------------------------
| epoch  53 |    20/   29 batches | lr 1.25 | ms/batch 103.52 | loss  2.11 | ppl     8.23
-----------------------------------------------------------------------------------------
| end of epoch  53 | time:  3.71s | valid loss  3.37 | valid ppl    29.02 | valid sqxent    71.64
-----------------------------------------------------------------------------------------
| epoch  54 |    20/   29 batches | lr 1.25 | ms/batch 101.51 | loss  2.12 | ppl     8.32
-----------------------------------------------------------------------------------------
| end of epoch  54 | time:  3.71s | valid loss  3.35 | valid ppl    28.38 | valid sqxent    71.16
-----------------------------------------------------------------------------------------
| epoch  55 |    20/   29 batches | lr 1.25 | ms/batch 102.70 | loss  2.08 | ppl     8.02
-----------------------------------------------------------------------------------------
| end of epoch  55 | time:  3.75s | valid loss  3.33 | valid ppl    28.01 | valid sqxent    70.89
-----------------------------------------------------------------------------------------
| epoch  56 |    20/   29 batches | lr 1.25 | ms/batch 102.63 | loss  2.07 | ppl     7.96
-----------------------------------------------------------------------------------------
| end of epoch  56 | time:  3.76s | valid loss  3.33 | valid ppl    28.02 | valid sqxent    70.89
-----------------------------------------------------------------------------------------
| epoch  57 |    20/   29 batches | lr 0.31 | ms/batch 105.76 | loss  2.06 | ppl     7.88
-----------------------------------------------------------------------------------------
| end of epoch  57 | time:  3.88s | valid loss  3.31 | valid ppl    27.31 | valid sqxent    70.35
-----------------------------------------------------------------------------------------
| epoch  58 |    20/   29 batches | lr 0.31 | ms/batch 103.54 | loss  2.06 | ppl     7.86
-----------------------------------------------------------------------------------------
| end of epoch  58 | time:  3.81s | valid loss  3.30 | valid ppl    27.09 | valid sqxent    70.17
-----------------------------------------------------------------------------------------
| epoch  59 |    20/   29 batches | lr 0.31 | ms/batch 102.58 | loss  2.05 | ppl     7.79
-----------------------------------------------------------------------------------------
| end of epoch  59 | time:  3.82s | valid loss  3.29 | valid ppl    26.90 | valid sqxent    70.03
-----------------------------------------------------------------------------------------
| epoch  60 |    20/   29 batches | lr 0.31 | ms/batch 102.94 | loss  2.06 | ppl     7.85
-----------------------------------------------------------------------------------------
| end of epoch  60 | time:  3.75s | valid loss  3.29 | valid ppl    26.81 | valid sqxent    69.95
-----------------------------------------------------------------------------------------
| epoch  61 |    20/   29 batches | lr 0.31 | ms/batch 105.43 | loss  2.05 | ppl     7.78
-----------------------------------------------------------------------------------------
| end of epoch  61 | time:  3.80s | valid loss  3.28 | valid ppl    26.68 | valid sqxent    69.85
-----------------------------------------------------------------------------------------
| epoch  62 |    20/   29 batches | lr 0.31 | ms/batch 103.61 | loss  2.04 | ppl     7.70
-----------------------------------------------------------------------------------------
| end of epoch  62 | time:  3.70s | valid loss  3.28 | valid ppl    26.56 | valid sqxent    69.75
-----------------------------------------------------------------------------------------
| epoch  63 |    20/   29 batches | lr 0.31 | ms/batch 106.03 | loss  2.05 | ppl     7.77
-----------------------------------------------------------------------------------------
| end of epoch  63 | time:  3.82s | valid loss  3.28 | valid ppl    26.48 | valid sqxent    69.69
-----------------------------------------------------------------------------------------
| epoch  64 |    20/   29 batches | lr 0.31 | ms/batch 105.17 | loss  2.05 | ppl     7.75
-----------------------------------------------------------------------------------------
| end of epoch  64 | time:  3.79s | valid loss  3.27 | valid ppl    26.39 | valid sqxent    69.62
-----------------------------------------------------------------------------------------
| epoch  65 |    20/   29 batches | lr 0.31 | ms/batch 101.67 | loss  2.02 | ppl     7.55
-----------------------------------------------------------------------------------------
| end of epoch  65 | time:  3.74s | valid loss  3.27 | valid ppl    26.27 | valid sqxent    69.52
-----------------------------------------------------------------------------------------
| epoch  66 |    20/   29 batches | lr 0.31 | ms/batch 102.26 | loss  2.03 | ppl     7.61
-----------------------------------------------------------------------------------------
| end of epoch  66 | time:  3.82s | valid loss  3.26 | valid ppl    26.16 | valid sqxent    69.43
-----------------------------------------------------------------------------------------
| epoch  67 |    20/   29 batches | lr 0.31 | ms/batch 106.74 | loss  2.03 | ppl     7.62
-----------------------------------------------------------------------------------------
| end of epoch  67 | time:  3.85s | valid loss  3.26 | valid ppl    26.07 | valid sqxent    69.36
-----------------------------------------------------------------------------------------
| epoch  68 |    20/   29 batches | lr 0.31 | ms/batch 104.84 | loss  2.03 | ppl     7.61
-----------------------------------------------------------------------------------------
| end of epoch  68 | time:  3.83s | valid loss  3.26 | valid ppl    26.02 | valid sqxent    69.31
-----------------------------------------------------------------------------------------
| epoch  69 |    20/   29 batches | lr 0.31 | ms/batch 104.73 | loss  2.02 | ppl     7.54
-----------------------------------------------------------------------------------------
| end of epoch  69 | time:  3.79s | valid loss  3.25 | valid ppl    25.88 | valid sqxent    69.20
-----------------------------------------------------------------------------------------
| epoch  70 |    20/   29 batches | lr 0.31 | ms/batch 103.47 | loss  2.03 | ppl     7.60
-----------------------------------------------------------------------------------------
| end of epoch  70 | time:  3.75s | valid loss  3.25 | valid ppl    25.89 | valid sqxent    69.21
-----------------------------------------------------------------------------------------
| epoch  71 |    20/   29 batches | lr 0.08 | ms/batch 103.60 | loss  2.04 | ppl     7.72
-----------------------------------------------------------------------------------------
| end of epoch  71 | time:  3.79s | valid loss  3.25 | valid ppl    25.75 | valid sqxent    69.09
-----------------------------------------------------------------------------------------
| epoch  72 |    20/   29 batches | lr 0.08 | ms/batch 101.75 | loss  2.01 | ppl     7.43
-----------------------------------------------------------------------------------------
| end of epoch  72 | time:  3.81s | valid loss  3.25 | valid ppl    25.69 | valid sqxent    69.05
-----------------------------------------------------------------------------------------
| epoch  73 |    20/   29 batches | lr 0.08 | ms/batch 103.85 | loss  2.03 | ppl     7.62
-----------------------------------------------------------------------------------------
| end of epoch  73 | time:  3.83s | valid loss  3.25 | valid ppl    25.67 | valid sqxent    69.03
-----------------------------------------------------------------------------------------
| epoch  74 |    20/   29 batches | lr 0.08 | ms/batch 103.57 | loss  2.02 | ppl     7.55
-----------------------------------------------------------------------------------------
| end of epoch  74 | time:  3.75s | valid loss  3.24 | valid ppl    25.63 | valid sqxent    69.00
-----------------------------------------------------------------------------------------
| epoch  75 |    20/   29 batches | lr 0.08 | ms/batch 110.34 | loss  2.01 | ppl     7.47
-----------------------------------------------------------------------------------------
| end of epoch  75 | time:  3.95s | valid loss  3.24 | valid ppl    25.60 | valid sqxent    68.97
-----------------------------------------------------------------------------------------
| epoch  76 |    20/   29 batches | lr 0.08 | ms/batch 101.73 | loss  2.03 | ppl     7.58
-----------------------------------------------------------------------------------------
| end of epoch  76 | time:  3.73s | valid loss  3.24 | valid ppl    25.60 | valid sqxent    68.97
-----------------------------------------------------------------------------------------
| epoch  77 |    20/   29 batches | lr 0.08 | ms/batch 101.08 | loss  2.03 | ppl     7.61
-----------------------------------------------------------------------------------------
| end of epoch  77 | time:  3.72s | valid loss  3.24 | valid ppl    25.53 | valid sqxent    68.91
-----------------------------------------------------------------------------------------
| epoch  78 |    20/   29 batches | lr 0.08 | ms/batch 101.92 | loss  2.00 | ppl     7.38
-----------------------------------------------------------------------------------------
| end of epoch  78 | time:  3.74s | valid loss  3.24 | valid ppl    25.52 | valid sqxent    68.90
-----------------------------------------------------------------------------------------
| epoch  79 |    20/   29 batches | lr 0.08 | ms/batch 103.34 | loss  2.02 | ppl     7.57
-----------------------------------------------------------------------------------------
| end of epoch  79 | time:  3.76s | valid loss  3.24 | valid ppl    25.49 | valid sqxent    68.87
-----------------------------------------------------------------------------------------
-----------------------------------------------------------------------------------------
Exiting from training early
=========================================================================================
| End of training | final loss  3.24 | final ppl    25.49 | final sqxent    68.87
=========================================================================================
00:05:03
