main.py --train --cond --batch_method translation --seed 87934

Building data from ./data...
      batch_size: 20
batch_size_valid: 60
    batch_method: translation      (no sorting by target lengths)
          device: cpu
  is_conditional: True

15 batches
5 batches

vocab_size: 1282

train.txt
              # words: 6681
               # seqs: 300
  avg/max/min lengths: 22/72/3

src-train.txt
              # words: 6081
               # seqs: 300
  avg/max/min lengths: 20/70/1

Seq2Seq
      # parameters: 452682
        vocab_size: 1282
               dim: 100
          # layers: 2
    is_conditional: 1
     bidirectional: 0
        use_bridge: 0
     use_attention: 0

Control
            lr: 20.00
          bptt: 35

| epoch   1 |    20/   29 batches | lr 20.00 | ms/batch 60.29 | loss  6.22 | ppl   503.44
-----------------------------------------------------------------------------------------
| end of epoch   1 | time:  2.28s | valid loss  5.72 | valid ppl   304.23 | valid sqxent   121.62
-----------------------------------------------------------------------------------------
| epoch   2 |    20/   29 batches | lr 20.00 | ms/batch 61.12 | loss  5.28 | ppl   195.80
-----------------------------------------------------------------------------------------
| end of epoch   2 | time:  2.35s | valid loss  5.64 | valid ppl   280.96 | valid sqxent   119.92
-----------------------------------------------------------------------------------------
| epoch   3 |    20/   29 batches | lr 20.00 | ms/batch 61.59 | loss  5.07 | ppl   159.39
-----------------------------------------------------------------------------------------
| end of epoch   3 | time:  2.32s | valid loss  5.44 | valid ppl   229.36 | valid sqxent   115.61
-----------------------------------------------------------------------------------------
| epoch   4 |    20/   29 batches | lr 20.00 | ms/batch 61.71 | loss  4.68 | ppl   108.05
-----------------------------------------------------------------------------------------
| end of epoch   4 | time:  2.32s | valid loss  5.71 | valid ppl   302.87 | valid sqxent   121.52
-----------------------------------------------------------------------------------------
| epoch   5 |    20/   29 batches | lr 5.00 | ms/batch 61.75 | loss  4.38 | ppl    79.50
-----------------------------------------------------------------------------------------
| end of epoch   5 | time:  2.34s | valid loss  5.25 | valid ppl   190.12 | valid sqxent   111.62
-----------------------------------------------------------------------------------------
| epoch   6 |    20/   29 batches | lr 5.00 | ms/batch 61.62 | loss  4.27 | ppl    71.34
-----------------------------------------------------------------------------------------
| end of epoch   6 | time:  2.35s | valid loss  5.23 | valid ppl   187.11 | valid sqxent   111.28
-----------------------------------------------------------------------------------------
| epoch   7 |    20/   29 batches | lr 5.00 | ms/batch 61.66 | loss  4.22 | ppl    68.29
-----------------------------------------------------------------------------------------
| end of epoch   7 | time:  2.32s | valid loss  5.18 | valid ppl   178.41 | valid sqxent   110.27
-----------------------------------------------------------------------------------------
| epoch   8 |    20/   29 batches | lr 5.00 | ms/batch 58.64 | loss  4.18 | ppl    65.41
-----------------------------------------------------------------------------------------
| end of epoch   8 | time:  2.26s | valid loss  5.16 | valid ppl   174.79 | valid sqxent   109.83
-----------------------------------------------------------------------------------------
| epoch   9 |    20/   29 batches | lr 5.00 | ms/batch 60.29 | loss  4.11 | ppl    60.89
-----------------------------------------------------------------------------------------
| end of epoch   9 | time:  2.29s | valid loss  5.12 | valid ppl   166.81 | valid sqxent   108.84
-----------------------------------------------------------------------------------------
| epoch  10 |    20/   29 batches | lr 5.00 | ms/batch 60.92 | loss  4.03 | ppl    56.05
-----------------------------------------------------------------------------------------
| end of epoch  10 | time:  2.31s | valid loss  5.03 | valid ppl   152.34 | valid sqxent   106.91
-----------------------------------------------------------------------------------------
=========================================================================================
| End of training | final loss  5.03 | final ppl   152.34 | final sqxent   106.91
=========================================================================================
00:00:24
